<?xml version="1.0" encoding="UTF-8"?>
<!-- Generated by org.testng.reporters.JUnitReportReporter -->
<testsuite hostname="LAPTOP-97OISDVA" failures="0" tests="3" name="Default.APIPostUsers" time="3.364" errors="0" timestamp="2021-09-06T20:42:22 EEST" skipped="1">
  <testcase classname="Default.APIPostUsers" name="PostUserFail1" time="2.327"/>
  <system-out/>
  <testcase classname="Default.APIPostUsers" name="PostUserFail2" time="1.037"/>
  <system-out/>
  <testcase classname="Default.APIPostUsers" name="PostUserPass">
    <skipped/>
  </testcase> <!-- PostUserPass -->
  <system-out/>
</testsuite> <!-- Default.APIPostUsers -->
