<?xml version="1.0" encoding="UTF-8"?>
<!-- Generated by org.testng.reporters.JUnitReportReporter -->
<testsuite hostname="LAPTOP-97OISDVA" failures="0" tests="1" name="getRequest.Post_Put_Delete" time="1.529" errors="0" timestamp="4 Sep 2021 21:00:02 GMT">
  <testcase classname="getRequest.Post_Put_Delete" name="test3" time="1.529"/>
</testsuite> <!-- getRequest.Post_Put_Delete -->
