<?xml version="1.0" encoding="UTF-8"?>
<!-- Generated by org.testng.reporters.JUnitReportReporter -->
<testsuite hostname="LAPTOP-97OISDVA" failures="0" tests="3" name="Default.APIPostUsers" time="3.871" errors="0" timestamp="2021-09-07T00:08:25 EEST" skipped="0">
  <testcase classname="Default.APIPostUsers" name="PostUserPass" time="1.502"/>
  <system-out/>
  <testcase classname="Default.APIPostUsers" name="PostUserFail2" time="1.253"/>
  <system-out/>
  <testcase classname="Default.APIPostUsers" name="PostUserFail1" time="1.116"/>
  <system-out/>
</testsuite> <!-- Default.APIPostUsers -->
