<?xml version="1.0" encoding="UTF-8"?>
<!-- Generated by org.testng.reporters.JUnitReportReporter -->
<testsuite hostname="LAPTOP-97OISDVA" failures="0" tests="1" name="Default.APIGetUsers" time="2.354" errors="0" timestamp="2021-09-05T19:13:11 EEST" skipped="0">
  <testcase classname="Default.APIGetUsers" name="Test1" time="2.354"/>
  <system-out/>
</testsuite> <!-- Default.APIGetUsers -->
