<?xml version="1.0" encoding="UTF-8"?>
<!-- Generated by org.testng.reporters.JUnitReportReporter -->
<testsuite hostname="LAPTOP-97OISDVA" failures="0" tests="2" name="Default.APIGetUsers" time="20.343" errors="0" timestamp="2021-09-07T00:08:25 EEST" skipped="0">
  <testcase classname="Default.APIGetUsers" name="GetUserFail" time="19.286"/>
  <system-out/>
  <testcase classname="Default.APIGetUsers" name="GetUserPass" time="1.057"/>
  <system-out/>
</testsuite> <!-- Default.APIGetUsers -->
