<?xml version="1.0" encoding="UTF-8"?>
<!-- Generated by org.testng.reporters.JUnitReportReporter -->
<testsuite hostname="LAPTOP-97OISDVA" failures="0" tests="1" name="getRequest.RestAssuredDemo" time="2.527" errors="0" timestamp="5 Sep 2021 07:39:27 GMT">
  <testcase classname="getRequest.RestAssuredDemo" name="Test1" time="2.527"/>
</testsuite> <!-- getRequest.RestAssuredDemo -->
