<?xml version="1.0" encoding="UTF-8"?>
<!-- Generated by org.testng.reporters.JUnitReportReporter -->
<testsuite hostname="LAPTOP-97OISDVA" failures="0" tests="2" name="Default.APIGetUsers" time="3.681" errors="0" timestamp="2021-09-06T20:34:12 EEST" skipped="0">
  <testcase classname="Default.APIGetUsers" name="GetUserPass1" time="0.955"/>
  <system-out/>
  <testcase classname="Default.APIGetUsers" name="GetUserFail" time="2.726"/>
  <system-out/>
</testsuite> <!-- Default.APIGetUsers -->
