<?xml version="1.0" encoding="UTF-8"?>
<!-- Generated by org.testng.reporters.JUnitReportReporter -->
<testsuite hostname="LAPTOP-97OISDVA" failures="0" tests="3" name="getRequest.getData" time="3.889" errors="0" timestamp="3 Sep 2021 20:35:06 GMT">
  <testcase classname="getRequest.getData" name="testTime" time="0.997"/>
  <testcase classname="getRequest.getData" name="testBody" time="1.940"/>
  <testcase classname="getRequest.getData" name="testResponsecode" time="0.952"/>
</testsuite> <!-- getRequest.getData -->
